# JRE version: Java(TM) SE Runtime Environment (8.0_111-b14) (build 1.8.0_111-b14)
# Java VM: Java HotSpot(TM) 64-Bit Server VM (25.111-b14 mixed mode windows-amd64 compressed oops)
Heap:
 PSYoungGen      total 23552K, used 12880K [0x00000000e6600000, 0x00000000e8000000, 0x0000000100000000)
  eden space 20480K, 48% used [0x00000000e6600000,0x00000000e6f9c090,0x00000000e7a00000)
  from space 3072K, 98% used [0x00000000e7d00000,0x00000000e7ff8060,0x00000000e8000000)
  to   space 3072K, 0% used [0x00000000e7a00000,0x00000000e7a00000,0x00000000e7d00000)
 ParOldGen       total 53248K, used 7440K [0x00000000b3200000, 0x00000000b6600000, 0x00000000e6600000)
  object space 53248K, 13% used [0x00000000b3200000,0x00000000b39440a8,0x00000000b6600000)
 Metaspace       used 15331K, capacity 15716K, committed 16000K, reserved 1062912K
  class space    used 1947K, capacity 2107K, committed 2176K, reserved 1048576K
GC Heap History (8 events):
Event: 3.908 GC heap before
{Heap before GC invocations=1 (full 0):
 PSYoungGen      total 23552K, used 20480K [0x00000000e6600000, 0x00000000e8000000, 0x0000000100000000)
  eden space 20480K, 100% used [0x00000000e6600000,0x00000000e7a00000,0x00000000e7a00000)
  from space 3072K, 0% used [0x00000000e7d00000,0x00000000e7d00000,0x00000000e8000000)
  to   space 3072K, 0% used [0x00000000e7a00000,0x00000000e7a00000,0x00000000e7d00000)
 ParOldGen       total 53248K, used 0K [0x00000000b3200000, 0x00000000b6600000, 0x00000000e6600000)
  object space 53248K, 0% used [0x00000000b3200000,0x00000000b3200000,0x00000000b6600000)
 Metaspace       used 8675K, capacity 8886K, committed 9216K, reserved 1056768K
  class space    used 1049K, capacity 1161K, committed 1280K, reserved 1048576K
Event: 3.927 GC heap after
Heap after GC invocations=1 (full 0):
 PSYoungGen      total 23552K, used 3069K [0x00000000e6600000, 0x00000000e8000000, 0x0000000100000000)
  eden space 20480K, 0% used [0x00000000e6600000,0x00000000e6600000,0x00000000e7a00000)
  from space 3072K, 99% used [0x00000000e7a00000,0x00000000e7cff7f0,0x00000000e7d00000)
  to   space 3072K, 0% used [0x00000000e7d00000,0x00000000e7d00000,0x00000000e8000000)
 ParOldGen       total 53248K, used 1348K [0x00000000b3200000, 0x00000000b6600000, 0x00000000e6600000)
  object space 53248K, 2% used [0x00000000b3200000,0x00000000b3351188,0x00000000b6600000)
 Metaspace       used 8675K, capacity 8886K, committed 9216K, reserved 1056768K
  class space    used 1049K, capacity 1161K, committed 1280K, reserved 1048576K
}
Event: 6.880 GC heap before
{Heap before GC invocations=2 (full 0):
 PSYoungGen      total 23552K, used 23549K [0x00000000e6600000, 0x00000000e8000000, 0x0000000100000000)
  eden space 20480K, 100% used [0x00000000e6600000,0x00000000e7a00000,0x00000000e7a00000)
  from space 3072K, 99% used [0x00000000e7a00000,0x00000000e7cff7f0,0x00000000e7d00000)
  to   space 3072K, 0% used [0x00000000e7d00000,0x00000000e7d00000,0x00000000e8000000)
 ParOldGen       total 53248K, used 1348K [0x00000000b3200000, 0x00000000b6600000, 0x00000000e6600000)
  object space 53248K, 2% used [0x00000000b3200000,0x00000000b3351188,0x00000000b6600000)
 Metaspace       used 10280K, capacity 10580K, committed 10624K, reserved 1058816K
  class space    used 1270K, capacity 1396K, committed 1408K, reserved 1048576K
Event: 6.898 GC heap after
Heap after GC invocations=2 (full 0):
 PSYoungGen      total 23552K, used 3054K [0x00000000e6600000, 0x00000000e8000000, 0x0000000100000000)
  eden space 20480K, 0% used [0x00000000e6600000,0x00000000e6600000,0x00000000e7a00000)
  from space 3072K, 99% used [0x00000000e7d00000,0x00000000e7ffbae0,0x00000000e8000000)
  to   space 3072K, 0% used [0x00000000e7a00000,0x00000000e7a00000,0x00000000e7d00000)
 ParOldGen       total 53248K, used 2283K [0x00000000b3200000, 0x00000000b6600000, 0x00000000e6600000)
  object space 53248K, 4% used [0x00000000b3200000,0x00000000b343af28,0x00000000b6600000)
 Metaspace       used 10280K, capacity 10580K, committed 10624K, reserved 1058816K
  class space    used 1270K, capacity 1396K, committed 1408K, reserved 1048576K
}
Event: 9.110 GC heap before
{Heap before GC invocations=3 (full 0):
 PSYoungGen      total 23552K, used 23534K [0x00000000e6600000, 0x00000000e8000000, 0x0000000100000000)
  eden space 20480K, 100% used [0x00000000e6600000,0x00000000e7a00000,0x00000000e7a00000)
  from space 3072K, 99% used [0x00000000e7d00000,0x00000000e7ffbae0,0x00000000e8000000)
  to   space 3072K, 0% used [0x00000000e7a00000,0x00000000e7a00000,0x00000000e7d00000)
 ParOldGen       total 53248K, used 2283K [0x00000000b3200000, 0x00000000b6600000, 0x00000000e6600000)
  object space 53248K, 4% used [0x00000000b3200000,0x00000000b343af28,0x00000000b6600000)
 Metaspace       used 11762K, capacity 12046K, committed 12416K, reserved 1060864K
  class space    used 1451K, capacity 1565K, committed 1664K, reserved 1048576K
Event: 9.121 GC heap after
Heap after GC invocations=3 (full 0):
 PSYoungGen      total 23552K, used 3059K [0x00000000e6600000, 0x00000000e8000000, 0x0000000100000000)
  eden space 20480K, 0% used [0x00000000e6600000,0x00000000e6600000,0x00000000e7a00000)
  from space 3072K, 99% used [0x00000000e7a00000,0x00000000e7cfcda0,0x00000000e7d00000)
  to   space 3072K, 0% used [0x00000000e7d00000,0x00000000e7d00000,0x00000000e8000000)
 ParOldGen       total 53248K, used 4368K [0x00000000b3200000, 0x00000000b6600000, 0x00000000e6600000)
  object space 53248K, 8% used [0x00000000b3200000,0x00000000b3644370,0x00000000b6600000)
 Metaspace       used 11762K, capacity 12046K, committed 12416K, reserved 1060864K
  class space    used 1451K, capacity 1565K, committed 1664K, reserved 1048576K
}
Event: 11.912 GC heap before
{Heap before GC invocations=4 (full 0):
 PSYoungGen      total 23552K, used 23539K [0x00000000e6600000, 0x00000000e8000000, 0x0000000100000000)
  eden space 20480K, 100% used [0x00000000e6600000,0x00000000e7a00000,0x00000000e7a00000)
  from space 3072K, 99% used [0x00000000e7a00000,0x00000000e7cfcda0,0x00000000e7d00000)
  to   space 3072K, 0% used [0x00000000e7d00000,0x00000000e7d00000,0x00000000e8000000)
 ParOldGen       total 53248K, used 4368K [0x00000000b3200000, 0x00000000b6600000, 0x00000000e6600000)
  object space 53248K, 8% used [0x00000000b3200000,0x00000000b3644370,0x00000000b6600000)
 Metaspace       used 14102K, capacity 14478K, committed 14848K, reserved 1062912K
  class space    used 1777K, capacity 1932K, committed 2048K, reserved 1048576K
Event: 11.929 GC heap after
Heap after GC invocations=4 (full 0):
 PSYoungGen      total 23552K, used 3040K [0x00000000e6600000, 0x00000000e8000000, 0x0000000100000000)
  eden space 20480K, 0% used [0x00000000e6600000,0x00000000e6600000,0x00000000e7a00000)
  from space 3072K, 98% used [0x00000000e7d00000,0x00000000e7ff8060,0x00000000e8000000)
  to   space 3072K, 0% used [0x00000000e7a00000,0x00000000e7a00000,0x00000000e7d00000)
 ParOldGen       total 53248K, used 7440K [0x00000000b3200000, 0x00000000b6600000, 0x00000000e6600000)
  object space 53248K, 13% used [0x00000000b3200000,0x00000000b39440a8,0x00000000b6600000)
 Metaspace       used 14102K, capacity 14478K, committed 14848K, reserved 1062912K
  class space    used 1777K, capacity 1932K, committed 2048K, reserved 1048576K
}

