# JRE version: Java(TM) SE Runtime Environment (8.0_111-b14) (build 1.8.0_111-b14)
# Java VM: Java HotSpot(TM) 64-Bit Server VM (25.111-b14 mixed mode windows-amd64 compressed oops)
Heap:
 PSYoungGen      total 71680K, used 50791K [0x00000000e6600000, 0x00000000eb600000, 0x0000000100000000)
  eden space 64512K, 76% used [0x00000000e6600000,0x00000000e963a8a0,0x00000000ea500000)
  from space 7168K, 19% used [0x00000000eac80000,0x00000000eaddf658,0x00000000eb380000)
  to   space 7680K, 0% used [0x00000000ea500000,0x00000000ea500000,0x00000000eac80000)
 ParOldGen       total 34304K, used 5046K [0x00000000b3200000, 0x00000000b5380000, 0x00000000e6600000)
  object space 34304K, 14% used [0x00000000b3200000,0x00000000b36edad8,0x00000000b5380000)
 Metaspace       used 25555K, capacity 27300K, committed 27568K, reserved 1073152K
  class space    used 3312K, capacity 3642K, committed 3760K, reserved 1048576K
GC Heap History (10 events):
Event: 11.977 GC heap before
{Heap before GC invocations=5 (full 0):
 PSYoungGen      total 44032K, used 44022K [0x00000000e6600000, 0x00000000e9400000, 0x0000000100000000)
  eden space 40960K, 100% used [0x00000000e6600000,0x00000000e8e00000,0x00000000e8e00000)
  from space 3072K, 99% used [0x00000000e9100000,0x00000000e93fd8c0,0x00000000e9400000)
  to   space 3072K, 0% used [0x00000000e8e00000,0x00000000e8e00000,0x00000000e9100000)
 ParOldGen       total 53248K, used 3926K [0x00000000b3200000, 0x00000000b6600000, 0x00000000e6600000)
  object space 53248K, 7% used [0x00000000b3200000,0x00000000b35d5818,0x00000000b6600000)
 Metaspace       used 19173K, capacity 20686K, committed 20736K, reserved 1067008K
  class space    used 2473K, capacity 2775K, committed 2816K, reserved 1048576K
Event: 12.016 GC heap after
Heap after GC invocations=5 (full 0):
 PSYoungGen      total 44032K, used 3048K [0x00000000e6600000, 0x00000000e9400000, 0x0000000100000000)
  eden space 40960K, 0% used [0x00000000e6600000,0x00000000e6600000,0x00000000e8e00000)
  from space 3072K, 99% used [0x00000000e8e00000,0x00000000e90fa348,0x00000000e9100000)
  to   space 3072K, 0% used [0x00000000e9100000,0x00000000e9100000,0x00000000e9400000)
 ParOldGen       total 53248K, used 8740K [0x00000000b3200000, 0x00000000b6600000, 0x00000000e6600000)
  object space 53248K, 16% used [0x00000000b3200000,0x00000000b3a89208,0x00000000b6600000)
 Metaspace       used 19173K, capacity 20686K, committed 20736K, reserved 1067008K
  class space    used 2473K, capacity 2775K, committed 2816K, reserved 1048576K
}
Event: 12.163 GC heap before
{Heap before GC invocations=6 (full 0):
 PSYoungGen      total 44032K, used 7888K [0x00000000e6600000, 0x00000000e9400000, 0x0000000100000000)
  eden space 40960K, 11% used [0x00000000e6600000,0x00000000e6ab9f90,0x00000000e8e00000)
  from space 3072K, 99% used [0x00000000e8e00000,0x00000000e90fa348,0x00000000e9100000)
  to   space 3072K, 0% used [0x00000000e9100000,0x00000000e9100000,0x00000000e9400000)
 ParOldGen       total 53248K, used 8740K [0x00000000b3200000, 0x00000000b6600000, 0x00000000e6600000)
  object space 53248K, 16% used [0x00000000b3200000,0x00000000b3a89208,0x00000000b6600000)
 Metaspace       used 19701K, capacity 21226K, committed 21296K, reserved 1067008K
  class space    used 2539K, capacity 2849K, committed 2864K, reserved 1048576K
Event: 12.179 GC heap after
Heap after GC invocations=6 (full 0):
 PSYoungGen      total 39424K, used 3047K [0x00000000e6600000, 0x00000000ec500000, 0x0000000100000000)
  eden space 36352K, 0% used [0x00000000e6600000,0x00000000e6600000,0x00000000e8980000)
  from space 3072K, 99% used [0x00000000e9100000,0x00000000e93f9e68,0x00000000e9400000)
  to   space 7680K, 0% used [0x00000000e8980000,0x00000000e8980000,0x00000000e9100000)
 ParOldGen       total 53248K, used 9301K [0x00000000b3200000, 0x00000000b6600000, 0x00000000e6600000)
  object space 53248K, 17% used [0x00000000b3200000,0x00000000b3b155b8,0x00000000b6600000)
 Metaspace       used 19701K, capacity 21226K, committed 21296K, reserved 1067008K
  class space    used 2539K, capacity 2849K, committed 2864K, reserved 1048576K
}
Event: 12.179 GC heap before
{Heap before GC invocations=7 (full 1):
 PSYoungGen      total 39424K, used 3047K [0x00000000e6600000, 0x00000000ec500000, 0x0000000100000000)
  eden space 36352K, 0% used [0x00000000e6600000,0x00000000e6600000,0x00000000e8980000)
  from space 3072K, 99% used [0x00000000e9100000,0x00000000e93f9e68,0x00000000e9400000)
  to   space 7680K, 0% used [0x00000000e8980000,0x00000000e8980000,0x00000000e9100000)
 ParOldGen       total 53248K, used 9301K [0x00000000b3200000, 0x00000000b6600000, 0x00000000e6600000)
  object space 53248K, 17% used [0x00000000b3200000,0x00000000b3b155b8,0x00000000b6600000)
 Metaspace       used 19701K, capacity 21226K, committed 21296K, reserved 1067008K
  class space    used 2539K, capacity 2849K, committed 2864K, reserved 1048576K
Event: 12.273 GC heap after
Heap after GC invocations=7 (full 1):
 PSYoungGen      total 39424K, used 0K [0x00000000e6600000, 0x00000000ec500000, 0x0000000100000000)
  eden space 36352K, 0% used [0x00000000e6600000,0x00000000e6600000,0x00000000e8980000)
  from space 3072K, 0% used [0x00000000e9100000,0x00000000e9100000,0x00000000e9400000)
  to   space 7680K, 0% used [0x00000000e8980000,0x00000000e8980000,0x00000000e9100000)
 ParOldGen       total 34304K, used 5030K [0x00000000b3200000, 0x00000000b5380000, 0x00000000e6600000)
  object space 34304K, 14% used [0x00000000b3200000,0x00000000b36e9ad8,0x00000000b5380000)
 Metaspace       used 19701K, capacity 21226K, committed 21296K, reserved 1067008K
  class space    used 2539K, capacity 2849K, committed 2864K, reserved 1048576K
}
Event: 13.267 GC heap before
{Heap before GC invocations=8 (full 1):
 PSYoungGen      total 39424K, used 36349K [0x00000000e6600000, 0x00000000ec500000, 0x0000000100000000)
  eden space 36352K, 99% used [0x00000000e6600000,0x00000000e897f4f8,0x00000000e8980000)
  from space 3072K, 0% used [0x00000000e9100000,0x00000000e9100000,0x00000000e9400000)
  to   space 7680K, 0% used [0x00000000e8980000,0x00000000e8980000,0x00000000e9100000)
 ParOldGen       total 34304K, used 5030K [0x00000000b3200000, 0x00000000b5380000, 0x00000000e6600000)
  object space 34304K, 14% used [0x00000000b3200000,0x00000000b36e9ad8,0x00000000b5380000)
 Metaspace       used 22716K, capacity 24308K, committed 24624K, reserved 1071104K
  class space    used 2957K, capacity 3270K, committed 3376K, reserved 1048576K
Event: 13.282 GC heap after
Heap after GC invocations=8 (full 1):
 PSYoungGen      total 44032K, used 4336K [0x00000000e6600000, 0x00000000eb380000, 0x0000000100000000)
  eden space 36352K, 0% used [0x00000000e6600000,0x00000000e6600000,0x00000000e8980000)
  from space 7680K, 56% used [0x00000000e8980000,0x00000000e8dbc110,0x00000000e9100000)
  to   space 7168K, 0% used [0x00000000eac80000,0x00000000eac80000,0x00000000eb380000)
 ParOldGen       total 34304K, used 5038K [0x00000000b3200000, 0x00000000b5380000, 0x00000000e6600000)
  object space 34304K, 14% used [0x00000000b3200000,0x00000000b36ebad8,0x00000000b5380000)
 Metaspace       used 22716K, capacity 24308K, committed 24624K, reserved 1071104K
  class space    used 2957K, capacity 3270K, committed 3376K, reserved 1048576K
}
Event: 13.409 GC heap before
{Heap before GC invocations=9 (full 1):
 PSYoungGen      total 44032K, used 40688K [0x00000000e6600000, 0x00000000eb380000, 0x0000000100000000)
  eden space 36352K, 100% used [0x00000000e6600000,0x00000000e8980000,0x00000000e8980000)
  from space 7680K, 56% used [0x00000000e8980000,0x00000000e8dbc110,0x00000000e9100000)
  to   space 7168K, 0% used [0x00000000eac80000,0x00000000eac80000,0x00000000eb380000)
 ParOldGen       total 34304K, used 5038K [0x00000000b3200000, 0x00000000b5380000, 0x00000000e6600000)
  object space 34304K, 14% used [0x00000000b3200000,0x00000000b36ebad8,0x00000000b5380000)
 Metaspace       used 23096K, capacity 24768K, committed 24880K, reserved 1071104K
  class space    used 3002K, capacity 3318K, committed 3376K, reserved 1048576K
Event: 13.418 GC heap after
Heap after GC invocations=9 (full 1):
 PSYoungGen      total 71680K, used 1405K [0x00000000e6600000, 0x00000000eb600000, 0x0000000100000000)
  eden space 64512K, 0% used [0x00000000e6600000,0x00000000e6600000,0x00000000ea500000)
  from space 7168K, 19% used [0x00000000eac80000,0x00000000eaddf658,0x00000000eb380000)
  to   space 7680K, 0% used [0x00000000ea500000,0x00000000ea500000,0x00000000eac80000)
 ParOldGen       total 34304K, used 5046K [0x00000000b3200000, 0x00000000b5380000, 0x00000000e6600000)
  object space 34304K, 14% used [0x00000000b3200000,0x00000000b36edad8,0x00000000b5380000)
 Metaspace       used 23096K, capacity 24768K, committed 24880K, reserved 1071104K
  class space    used 3002K, capacity 3318K, committed 3376K, reserved 1048576K
}

